<?xml version="1.0" encoding="UTF-8"?>
<testng-results ignored="0" total="3" passed="3" failed="0" skipped="0">
  <reporter-output>
  </reporter-output>
  <suite started-at="2023-04-13T13:11:21 IST" name="ParallelExecution" finished-at="2023-04-13T13:12:04 IST" duration-ms="43021">
    <groups>
    </groups>
    <test started-at="2023-04-13T13:11:21 IST" name="EdgeTest" finished-at="2023-04-13T13:11:55 IST" duration-ms="34395">
      <class name="sel1.CrossBr">
        <test-method is-config="true" signature="setup(java.lang.String)[pri:0, instance:sel1.CrossBr@5c5eefef]" started-at="2023-04-13T13:11:21 IST" name="setup" finished-at="2023-04-13T13:11:29 IST" duration-ms="7898" status="PASS">
          <params>
            <param index="0">
              <value>
                <![CDATA[edge]]>
              </value>
            </param>
          </params>
          <reporter-output>
          </reporter-output>
        </test-method> <!-- setup -->
        <test-method signature="petStoreTC1()[pri:0, instance:sel1.CrossBr@5c5eefef]" started-at="2023-04-13T13:11:29 IST" name="petStoreTC1" finished-at="2023-04-13T13:11:55 IST" duration-ms="26384" status="PASS">
          <reporter-output>
          </reporter-output>
        </test-method> <!-- petStoreTC1 -->
      </class> <!-- sel1.CrossBr -->
    </test> <!-- EdgeTest -->
    <test started-at="2023-04-13T13:11:21 IST" name="ChromeTest" finished-at="2023-04-13T13:11:55 IST" duration-ms="34587">
      <class name="sel1.CrossBr">
        <test-method is-config="true" signature="setup(java.lang.String)[pri:0, instance:sel1.CrossBr@6c64cb25]" started-at="2023-04-13T13:11:21 IST" name="setup" finished-at="2023-04-13T13:11:29 IST" duration-ms="7898" status="PASS">
          <params>
            <param index="0">
              <value>
                <![CDATA[chrome]]>
              </value>
            </param>
          </params>
          <reporter-output>
          </reporter-output>
        </test-method> <!-- setup -->
        <test-method signature="petStoreTC1()[pri:0, instance:sel1.CrossBr@6c64cb25]" started-at="2023-04-13T13:11:29 IST" name="petStoreTC1" finished-at="2023-04-13T13:11:55 IST" duration-ms="26587" status="PASS">
          <reporter-output>
          </reporter-output>
        </test-method> <!-- petStoreTC1 -->
      </class> <!-- sel1.CrossBr -->
    </test> <!-- ChromeTest -->
    <test started-at="2023-04-13T13:11:21 IST" name="FirefoxTest" finished-at="2023-04-13T13:12:04 IST" duration-ms="43020">
      <class name="sel1.CrossBr">
        <test-method is-config="true" signature="setup(java.lang.String)[pri:0, instance:sel1.CrossBr@1d9b7cce]" started-at="2023-04-13T13:11:21 IST" name="setup" finished-at="2023-04-13T13:11:38 IST" duration-ms="17142" status="PASS">
          <params>
            <param index="0">
              <value>
                <![CDATA[firefox]]>
              </value>
            </param>
          </params>
          <reporter-output>
          </reporter-output>
        </test-method> <!-- setup -->
        <test-method signature="petStoreTC1()[pri:0, instance:sel1.CrossBr@1d9b7cce]" started-at="2023-04-13T13:11:38 IST" name="petStoreTC1" finished-at="2023-04-13T13:12:04 IST" duration-ms="25841" status="PASS">
          <reporter-output>
          </reporter-output>
        </test-method> <!-- petStoreTC1 -->
      </class> <!-- sel1.CrossBr -->
    </test> <!-- FirefoxTest -->
  </suite> <!-- ParallelExecution -->
</testng-results>
